0 info it worked if it ends with ok
1 verbose cli [ '/usr/bin/nodejs', '/usr/bin/npm', 'run-script', 'boot' ]
2 info using npm@1.4.21
3 info using node@v0.10.25
4 verbose run-script [ 'preboot', 'boot', 'postboot' ]
5 info preboot docker-shell-do@0.0.0
6 info boot docker-shell-do@0.0.0
7 verbose unsafe-perm in lifecycle true
8 info docker-shell-do@0.0.0 Failed to exec boot script
9 error docker-shell-do@0.0.0 boot: `node bootstrap.js`
9 error Exit status 1
10 error Failed at the docker-shell-do@0.0.0 boot script.
10 error This is most likely a problem with the docker-shell-do package,
10 error not with npm itself.
10 error Tell the author that this fails on your system:
10 error     node bootstrap.js
10 error You can get their info via:
10 error     npm owner ls docker-shell-do
10 error There is likely additional logging output above.
11 error System Linux 3.19.0-47-generic
12 error command "/usr/bin/nodejs" "/usr/bin/npm" "run-script" "boot"
13 error cwd /projects/digitalocean-dsh
14 error node -v v0.10.25
15 error npm -v 1.4.21
16 error code ELIFECYCLE
17 verbose exit [ 1, true ]
